15.09.2023, 11:00:14 - ============ Script started ============ 

15.09.2023, 11:00:14 - Remove old records from folder - Files
15.09.2023, 11:00:14 - All old files been successful removed 

15.09.2023, 11:00:14 - /////////// Start execution registry for recipient - Северe3 ///////////
15.09.2023, 11:00:14 - Processing registry with ID: 42
15.09.2023, 11:00:14 - -----------INFO------------
15.09.2023, 11:00:14 - Sender Id: 42
15.09.2023, 11:00:14 - Registry Id: 29
15.09.2023, 11:00:14 - Sender Name: Северe3
15.09.2023, 11:00:14 - Registry Name: moment pay reestr
15.09.2023, 11:00:14 - Server id: 10066
15.09.2023, 11:00:14 - Services ids: 3361,4554
15.09.2023, 11:00:14 - Formats: xlsx,csv
15.09.2023, 11:00:14 - Emails: nikita.kopyltsov3@gmail.com, qerf3@mail.ru
15.09.2023, 11:00:14 - Current Date: 2023-09-15 11:00:14
15.09.2023, 11:00:14 - ---------PROCESSING---------
15.09.2023, 11:00:14 - Processing registry file with ID: 29
15.09.2023, 11:00:14 - Get data from service 3361 in format xlsx
15.09.2023, 11:00:18 - Successfully processed registry file for service 3361 in format xlsx.

15.09.2023, 11:00:18 - Processing registry file with ID: 29
15.09.2023, 11:00:18 - Get data from service 3361 in format csv
15.09.2023, 11:00:21 - Successfully processed registry file for service 3361 in format csv.

15.09.2023, 11:00:21 - Processing registry file with ID: 29
15.09.2023, 11:00:21 - Get data from service 4554 in format xlsx
15.09.2023, 11:00:21 - Successfully processed registry file for service 4554 in format xlsx.

15.09.2023, 11:00:21 - Processing registry file with ID: 29
15.09.2023, 11:00:21 - Get data from service 4554 in format csv
15.09.2023, 11:00:21 - Successfully processed registry file for service 4554 in format csv.

15.09.2023, 11:00:21 - ---------SENDING---------
15.09.2023, 11:00:22 - Registry Северe3 with ID 42 successfully sent to the specified addresses.
15.09.2023, 11:00:22 - Emails: nikita.kopyltsov3@gmail.com, qerf3@mail.ru
15.09.2023, 11:00:22 - --------- FINISHED -------- 

15.09.2023, 11:00:22 - Files: files/moment pay reestr_W1.KZ_2023-09-15.xlsx,files/moment pay reestr_W1.KZ_2023-09-15.csv,files/moment pay reestr_Госэкспертиза-Проектно-сметная документация_2023-09-15.xlsx,files/moment pay reestr_Госэкспертиза-Проектно-сметная документация_2023-09-15.csv
15.09.2023, 11:00:22 - /////////// Start execution registry for recipient - Moment Pay ///////////
15.09.2023, 11:00:22 - Processing registry with ID: 33
15.09.2023, 11:00:22 - -----------INFO------------
15.09.2023, 11:00:22 - Sender Id: 33
15.09.2023, 11:00:22 - Registry Id: 29
15.09.2023, 11:00:22 - Sender Name: Moment Pay
15.09.2023, 11:00:22 - Registry Name: moment pay reestr
15.09.2023, 11:00:22 - Server id: 10066
15.09.2023, 11:00:22 - Services ids: 3361,4554
15.09.2023, 11:00:22 - Formats: xlsx,csv
15.09.2023, 11:00:22 - Emails: nikita.kopyltsov3@gmail.com, nikita.kopyltsov@mail.ru
15.09.2023, 11:00:22 - Current Date: 2023-09-15 11:00:22
15.09.2023, 11:00:22 - ---------PROCESSING---------
15.09.2023, 11:00:22 - Processing registry file with ID: 29
15.09.2023, 11:00:22 - Get data from service 3361 in format xlsx
15.09.2023, 11:00:25 - Successfully processed registry file for service 3361 in format xlsx.

15.09.2023, 11:00:25 - Processing registry file with ID: 29
15.09.2023, 11:00:25 - Get data from service 3361 in format csv
15.09.2023, 11:00:27 - Successfully processed registry file for service 3361 in format csv.

15.09.2023, 11:00:27 - Processing registry file with ID: 29
15.09.2023, 11:00:27 - Get data from service 4554 in format xlsx
15.09.2023, 11:00:27 - Successfully processed registry file for service 4554 in format xlsx.

15.09.2023, 11:00:27 - Processing registry file with ID: 29
15.09.2023, 11:00:27 - Get data from service 4554 in format csv
15.09.2023, 11:00:27 - Successfully processed registry file for service 4554 in format csv.

15.09.2023, 11:00:27 - ---------SENDING---------
15.09.2023, 11:00:28 - Registry Moment Pay with ID 33 successfully sent to the specified addresses.
15.09.2023, 11:00:28 - Emails: nikita.kopyltsov3@gmail.com, nikita.kopyltsov@mail.ru
15.09.2023, 11:00:28 - Files: files/moment pay reestr_W1.KZ_2023-09-15.xlsx,files/moment pay reestr_W1.KZ_2023-09-15.csv,files/moment pay reestr_Госэкспертиза-Проектно-сметная документация_2023-09-15.xlsx,files/moment pay reestr_Госэкспертиза-Проектно-сметная документация_2023-09-15.csv
15.09.2023, 11:00:28 - --------- FINISHED -------- 

15.09.2023, 11:00:28 - Backup of registry files created successfully. 

15.09.2023, 11:00:28 - ============ Script completed ============ 

15.09.2023, 11:01:15 - ============ Script started ============ 

15.09.2023, 11:01:15 - Remove old records from folder - Files
15.09.2023, 11:01:15 - Record delete: /home/user/Рабочий стол/New Admin/update-service/files/moment pay reestr_W1.KZ_2023-09-15.csv
15.09.2023, 11:01:15 - Record delete: /home/user/Рабочий стол/New Admin/update-service/files/moment pay reestr_W1.KZ_2023-09-15.xlsx
15.09.2023, 11:01:15 - Record delete: /home/user/Рабочий стол/New Admin/update-service/files/moment pay reestr_Госэкспертиза-Проектно-сметная документация_2023-09-15.csv
15.09.2023, 11:01:15 - Record delete: /home/user/Рабочий стол/New Admin/update-service/files/moment pay reestr_Госэкспертиза-Проектно-сметная документация_2023-09-15.xlsx
15.09.2023, 11:01:15 - All old files been successful removed 

15.09.2023, 11:01:16 - /////////// Start execution registry for recipient - Северe3 ///////////
15.09.2023, 11:01:16 - Processing registry with ID: 42
15.09.2023, 11:01:16 - -----------INFO------------
15.09.2023, 11:01:16 - Sender Id: 42
15.09.2023, 11:01:16 - Registry Id: 29
15.09.2023, 11:01:16 - Sender Name: Северe3
15.09.2023, 11:01:16 - Registry Name: moment pay reestr
15.09.2023, 11:01:16 - Server id: 10066
15.09.2023, 11:01:16 - Services ids: 3361,4554
15.09.2023, 11:01:16 - Formats: xlsx,csv
15.09.2023, 11:01:16 - Current Date: 2023-09-15 11:01:16
15.09.2023, 11:01:16 - Emails: nikita.kopyltsov3@gmail.com, qerf3@mail.ru
15.09.2023, 11:01:16 - ---------PROCESSING---------
15.09.2023, 11:01:16 - Processing registry file with ID: 29
15.09.2023, 11:01:16 - Get data from service 3361 in format xlsx
15.09.2023, 11:01:18 - Successfully processed registry file for service 3361 in format xlsx.

15.09.2023, 11:01:18 - Processing registry file with ID: 29
15.09.2023, 11:01:18 - Get data from service 3361 in format csv
15.09.2023, 11:01:21 - Successfully processed registry file for service 3361 in format csv.

15.09.2023, 11:01:21 - Processing registry file with ID: 29
15.09.2023, 11:01:21 - Get data from service 4554 in format xlsx
15.09.2023, 11:01:21 - Successfully processed registry file for service 4554 in format xlsx.

15.09.2023, 11:01:21 - Processing registry file with ID: 29
15.09.2023, 11:01:21 - Get data from service 4554 in format csv
15.09.2023, 11:01:21 - Successfully processed registry file for service 4554 in format csv.

15.09.2023, 11:01:21 - ---------SENDING---------
15.09.2023, 11:01:23 - Registry Северe3 with ID 42 successfully sent to the specified addresses.
15.09.2023, 11:01:23 - Emails: nikita.kopyltsov3@gmail.com, qerf3@mail.ru
15.09.2023, 11:01:23 - Files: files/[moment pay reestr]_W1.KZ_2023-09-15.xlsx,files/[moment pay reestr]_W1.KZ_2023-09-15.csv,files/[moment pay reestr]_Госэкспертиза-Проектно-сметная документация_2023-09-15.xlsx,files/[moment pay reestr]_Госэкспертиза-Проектно-сметная документация_2023-09-15.csv
15.09.2023, 11:01:23 - --------- FINISHED -------- 

15.09.2023, 11:01:23 - /////////// Start execution registry for recipient - Moment Pay ///////////
15.09.2023, 11:01:23 - Processing registry with ID: 33
15.09.2023, 11:01:23 - -----------INFO------------
15.09.2023, 11:01:23 - Sender Id: 33
15.09.2023, 11:01:23 - Registry Id: 29
15.09.2023, 11:01:23 - Sender Name: Moment Pay
15.09.2023, 11:01:23 - Registry Name: moment pay reestr
15.09.2023, 11:01:23 - Server id: 10066
15.09.2023, 11:01:23 - Services ids: 3361,4554
15.09.2023, 11:01:23 - Formats: xlsx,csv
15.09.2023, 11:01:23 - Emails: nikita.kopyltsov3@gmail.com, nikita.kopyltsov@mail.ru
15.09.2023, 11:01:23 - Current Date: 2023-09-15 11:01:23
15.09.2023, 11:01:23 - ---------PROCESSING---------
15.09.2023, 11:01:23 - Processing registry file with ID: 29
15.09.2023, 11:01:23 - Get data from service 3361 in format xlsx
15.09.2023, 11:01:25 - Successfully processed registry file for service 3361 in format xlsx.

15.09.2023, 11:01:25 - Processing registry file with ID: 29
15.09.2023, 11:01:25 - Get data from service 3361 in format csv
15.09.2023, 11:01:28 - Successfully processed registry file for service 3361 in format csv.

15.09.2023, 11:01:28 - Processing registry file with ID: 29
15.09.2023, 11:01:28 - Get data from service 4554 in format xlsx
15.09.2023, 11:01:28 - Successfully processed registry file for service 4554 in format xlsx.

15.09.2023, 11:01:28 - Processing registry file with ID: 29
15.09.2023, 11:01:28 - Get data from service 4554 in format csv
15.09.2023, 11:01:28 - Successfully processed registry file for service 4554 in format csv.

15.09.2023, 11:01:28 - ---------SENDING---------
15.09.2023, 11:01:29 - Registry Moment Pay with ID 33 successfully sent to the specified addresses.
15.09.2023, 11:01:29 - Emails: nikita.kopyltsov3@gmail.com, nikita.kopyltsov@mail.ru
15.09.2023, 11:01:29 - Files: files/[moment pay reestr]_W1.KZ_2023-09-15.xlsx,files/[moment pay reestr]_W1.KZ_2023-09-15.csv,files/[moment pay reestr]_Госэкспертиза-Проектно-сметная документация_2023-09-15.xlsx,files/[moment pay reestr]_Госэкспертиза-Проектно-сметная документация_2023-09-15.csv
15.09.2023, 11:01:29 - --------- FINISHED -------- 

15.09.2023, 11:01:29 - Backup of registry files created successfully. 

15.09.2023, 11:01:29 - ============ Script completed ============ 

15.09.2023, 11:01:49 - ============ Script started ============ 

15.09.2023, 11:01:49 - Remove old records from folder - Files
15.09.2023, 11:01:49 - Record delete: /home/user/Рабочий стол/New Admin/update-service/files/[moment pay reestr]_W1.KZ_2023-09-15.csv
15.09.2023, 11:01:49 - Record delete: /home/user/Рабочий стол/New Admin/update-service/files/[moment pay reestr]_W1.KZ_2023-09-15.xlsx
15.09.2023, 11:01:49 - Record delete: /home/user/Рабочий стол/New Admin/update-service/files/[moment pay reestr]_Госэкспертиза-Проектно-сметная документация_2023-09-15.csv
15.09.2023, 11:01:49 - Record delete: /home/user/Рабочий стол/New Admin/update-service/files/[moment pay reestr]_Госэкспертиза-Проектно-сметная документация_2023-09-15.xlsx
15.09.2023, 11:01:49 - All old files been successful removed 

15.09.2023, 11:01:49 - /////////// Start execution registry for recipient - Северe3 ///////////
15.09.2023, 11:01:49 - Processing registry with ID: 42
15.09.2023, 11:01:49 - -----------INFO------------
15.09.2023, 11:01:49 - Sender Id: 42
15.09.2023, 11:01:49 - Registry Id: 29
15.09.2023, 11:01:49 - Sender Name: Северe3
15.09.2023, 11:01:49 - Registry Name: moment pay reestr
15.09.2023, 11:01:49 - Server id: 10066
15.09.2023, 11:01:49 - Services ids: 3361,4554
15.09.2023, 11:01:49 - Formats: xlsx,csv
15.09.2023, 11:01:49 - Emails: nikita.kopyltsov3@gmail.com, qerf3@mail.ru
15.09.2023, 11:01:49 - Current Date: 2023-09-15 11:01:49
15.09.2023, 11:01:49 - ---------PROCESSING---------
15.09.2023, 11:01:49 - Processing registry file with ID: 29
15.09.2023, 11:01:49 - Get data from service 3361 in format xlsx
15.09.2023, 11:01:52 - Successfully processed registry file for service 3361 in format xlsx.

15.09.2023, 11:01:52 - Processing registry file with ID: 29
15.09.2023, 11:01:52 - Get data from service 3361 in format csv
15.09.2023, 11:01:54 - Successfully processed registry file for service 3361 in format csv.

15.09.2023, 11:01:54 - Processing registry file with ID: 29
15.09.2023, 11:01:54 - Get data from service 4554 in format xlsx
15.09.2023, 11:01:54 - Successfully processed registry file for service 4554 in format xlsx.

15.09.2023, 11:01:54 - Processing registry file with ID: 29
15.09.2023, 11:01:54 - Get data from service 4554 in format csv
15.09.2023, 11:01:55 - Successfully processed registry file for service 4554 in format csv.

15.09.2023, 11:01:55 - ---------SENDING---------
15.09.2023, 11:01:56 - Registry Северe3 with ID 42 successfully sent to the specified addresses.
15.09.2023, 11:01:56 - Emails: nikita.kopyltsov3@gmail.com, qerf3@mail.ru
15.09.2023, 11:01:56 - Files: files/[moment pay reestr] W1.KZ 2023-09-15.xlsx,files/[moment pay reestr] W1.KZ 2023-09-15.csv,files/[moment pay reestr] Госэкспертиза-Проектно-сметная документация 2023-09-15.xlsx,files/[moment pay reestr] Госэкспертиза-Проектно-сметная документация 2023-09-15.csv
15.09.2023, 11:01:56 - --------- FINISHED -------- 

15.09.2023, 11:01:56 - /////////// Start execution registry for recipient - Moment Pay ///////////
15.09.2023, 11:01:56 - Processing registry with ID: 33
15.09.2023, 11:01:56 - -----------INFO------------
15.09.2023, 11:01:56 - Sender Id: 33
15.09.2023, 11:01:56 - Registry Id: 29
15.09.2023, 11:01:56 - Sender Name: Moment Pay
15.09.2023, 11:01:56 - Registry Name: moment pay reestr
15.09.2023, 11:01:56 - Server id: 10066
15.09.2023, 11:01:56 - Services ids: 3361,4554
15.09.2023, 11:01:56 - Emails: nikita.kopyltsov3@gmail.com, nikita.kopyltsov@mail.ru
15.09.2023, 11:01:56 - Formats: xlsx,csv
15.09.2023, 11:01:56 - Current Date: 2023-09-15 11:01:56
15.09.2023, 11:01:56 - ---------PROCESSING---------
15.09.2023, 11:01:56 - Processing registry file with ID: 29
15.09.2023, 11:01:56 - Get data from service 3361 in format xlsx
15.09.2023, 11:01:58 - Successfully processed registry file for service 3361 in format xlsx.

15.09.2023, 11:01:58 - Processing registry file with ID: 29
15.09.2023, 11:01:58 - Get data from service 3361 in format csv
15.09.2023, 11:02:02 - Successfully processed registry file for service 3361 in format csv.

15.09.2023, 11:02:02 - Processing registry file with ID: 29
15.09.2023, 11:02:02 - Get data from service 4554 in format xlsx
15.09.2023, 11:02:02 - Successfully processed registry file for service 4554 in format xlsx.

15.09.2023, 11:02:02 - Processing registry file with ID: 29
15.09.2023, 11:02:02 - Get data from service 4554 in format csv
15.09.2023, 11:02:02 - Successfully processed registry file for service 4554 in format csv.

15.09.2023, 11:02:02 - ---------SENDING---------
15.09.2023, 11:02:03 - Registry Moment Pay with ID 33 successfully sent to the specified addresses.
15.09.2023, 11:02:03 - Emails: nikita.kopyltsov3@gmail.com, nikita.kopyltsov@mail.ru
15.09.2023, 11:02:03 - Files: files/[moment pay reestr] W1.KZ 2023-09-15.xlsx,files/[moment pay reestr] W1.KZ 2023-09-15.csv,files/[moment pay reestr] Госэкспертиза-Проектно-сметная документация 2023-09-15.xlsx,files/[moment pay reestr] Госэкспертиза-Проектно-сметная документация 2023-09-15.csv
15.09.2023, 11:02:03 - --------- FINISHED -------- 

15.09.2023, 11:02:03 - Backup of registry files created successfully. 

15.09.2023, 11:02:03 - ============ Script completed ============ 

15.09.2023, 11:02:50 - ============ Script started ============ 

15.09.2023, 11:02:50 - Remove old records from folder - Files
15.09.2023, 11:02:50 - Record delete: /home/user/Рабочий стол/New Admin/update-service/files/[moment pay reestr] W1.KZ 2023-09-15.csv
15.09.2023, 11:02:50 - Record delete: /home/user/Рабочий стол/New Admin/update-service/files/[moment pay reestr] W1.KZ 2023-09-15.xlsx
15.09.2023, 11:02:50 - Record delete: /home/user/Рабочий стол/New Admin/update-service/files/[moment pay reestr] Госэкспертиза-Проектно-сметная документация 2023-09-15.csv
15.09.2023, 11:02:50 - Record delete: /home/user/Рабочий стол/New Admin/update-service/files/[moment pay reestr] Госэкспертиза-Проектно-сметная документация 2023-09-15.xlsx
15.09.2023, 11:02:50 - All old files been successful removed 

15.09.2023, 11:02:50 - /////////// Start execution registry for recipient - Северe3 ///////////
15.09.2023, 11:02:50 - Processing registry with ID: 42
15.09.2023, 11:02:50 - -----------INFO------------
15.09.2023, 11:02:50 - Registry Id: 29
15.09.2023, 11:02:50 - Sender Id: 42
15.09.2023, 11:02:50 - Sender Name: Северe3
15.09.2023, 11:02:50 - Registry Name: moment pay reestr
15.09.2023, 11:02:50 - Server id: 10066
15.09.2023, 11:02:50 - Services ids: 3361,4554
15.09.2023, 11:02:50 - Formats: xlsx,csv
15.09.2023, 11:02:50 - Emails: nikita.kopyltsov3@gmail.com, qerf3@mail.ru
15.09.2023, 11:02:50 - Current Date: 2023-09-15 11:02:50
15.09.2023, 11:02:50 - ---------PROCESSING---------
15.09.2023, 11:02:50 - Processing registry file with ID: 29
15.09.2023, 11:02:50 - Get data from service 3361 in format xlsx
15.09.2023, 11:02:53 - Successfully processed registry file for service 3361 in format xlsx.

15.09.2023, 11:02:53 - Processing registry file with ID: 29
15.09.2023, 11:02:53 - Get data from service 3361 in format csv
15.09.2023, 11:02:55 - Successfully processed registry file for service 3361 in format csv.

15.09.2023, 11:02:55 - Processing registry file with ID: 29
15.09.2023, 11:02:55 - Get data from service 4554 in format xlsx
15.09.2023, 11:02:56 - Successfully processed registry file for service 4554 in format xlsx.

15.09.2023, 11:02:56 - Processing registry file with ID: 29
15.09.2023, 11:02:56 - Get data from service 4554 in format csv
15.09.2023, 11:02:56 - Successfully processed registry file for service 4554 in format csv.

15.09.2023, 11:02:56 - ---------SENDING---------
15.09.2023, 11:02:57 - Registry Северe3 with ID 42 successfully sent to the specified addresses.
15.09.2023, 11:02:57 - Emails: nikita.kopyltsov3@gmail.com, qerf3@mail.ru
15.09.2023, 11:02:57 - Files: files/[moment pay reestr]_W1.KZ_2023-09-15.xlsx,files/[moment pay reestr]_W1.KZ_2023-09-15.csv,files/[moment pay reestr]_Госэкспертиза-Проектно-сметная документация_2023-09-15.xlsx,files/[moment pay reestr]_Госэкспертиза-Проектно-сметная документация_2023-09-15.csv
15.09.2023, 11:02:57 - --------- FINISHED -------- 

15.09.2023, 11:02:57 - /////////// Start execution registry for recipient - Moment Pay ///////////
15.09.2023, 11:02:57 - Processing registry with ID: 33
15.09.2023, 11:02:57 - -----------INFO------------
15.09.2023, 11:02:57 - Sender Id: 33
15.09.2023, 11:02:57 - Registry Id: 29
15.09.2023, 11:02:57 - Sender Name: Moment Pay
15.09.2023, 11:02:57 - Registry Name: moment pay reestr
15.09.2023, 11:02:57 - Server id: 10066
15.09.2023, 11:02:57 - Formats: xlsx,csv
15.09.2023, 11:02:57 - Services ids: 3361,4554
15.09.2023, 11:02:57 - Emails: nikita.kopyltsov3@gmail.com, nikita.kopyltsov@mail.ru
15.09.2023, 11:02:57 - Current Date: 2023-09-15 11:02:57
15.09.2023, 11:02:57 - ---------PROCESSING---------
15.09.2023, 11:02:57 - Processing registry file with ID: 29
15.09.2023, 11:02:57 - Get data from service 3361 in format xlsx
15.09.2023, 11:02:59 - Successfully processed registry file for service 3361 in format xlsx.

15.09.2023, 11:02:59 - Processing registry file with ID: 29
15.09.2023, 11:02:59 - Get data from service 3361 in format csv
15.09.2023, 11:03:02 - Successfully processed registry file for service 3361 in format csv.

15.09.2023, 11:03:02 - Get data from service 4554 in format xlsx
15.09.2023, 11:03:02 - Processing registry file with ID: 29
15.09.2023, 11:03:02 - Successfully processed registry file for service 4554 in format xlsx.

15.09.2023, 11:03:02 - Processing registry file with ID: 29
15.09.2023, 11:03:02 - Get data from service 4554 in format csv
15.09.2023, 11:03:02 - Successfully processed registry file for service 4554 in format csv.

15.09.2023, 11:03:02 - ---------SENDING---------
15.09.2023, 11:03:03 - Registry Moment Pay with ID 33 successfully sent to the specified addresses.
15.09.2023, 11:03:03 - Files: files/[moment pay reestr]_W1.KZ_2023-09-15.xlsx,files/[moment pay reestr]_W1.KZ_2023-09-15.csv,files/[moment pay reestr]_Госэкспертиза-Проектно-сметная документация_2023-09-15.xlsx,files/[moment pay reestr]_Госэкспертиза-Проектно-сметная документация_2023-09-15.csv
15.09.2023, 11:03:03 - Emails: nikita.kopyltsov3@gmail.com, nikita.kopyltsov@mail.ru
15.09.2023, 11:03:03 - --------- FINISHED -------- 

15.09.2023, 11:03:03 - Backup of registry files created successfully. 

15.09.2023, 11:03:03 - ============ Script completed ============ 

15.09.2023, 11:17:46 - ============ Script started ============ 

15.09.2023, 11:17:46 - Remove old records from folder - Files
15.09.2023, 11:17:46 - Record delete: /home/user/Рабочий стол/New Admin/update-service/files/[moment pay reestr]_Госэкспертиза-Проектно-сметная документация_2023-09-15.csv
15.09.2023, 11:17:46 - Record delete: /home/user/Рабочий стол/New Admin/update-service/files/[moment pay reestr]_Госэкспертиза-Проектно-сметная документация_2023-09-15.xlsx
15.09.2023, 11:17:46 - All old files been successful removed 

15.09.2023, 11:17:46 - Record delete: /home/user/Рабочий стол/New Admin/update-service/files/[moment pay reestr]_W1.KZ_2023-09-15.csv
15.09.2023, 11:17:46 - Record delete: /home/user/Рабочий стол/New Admin/update-service/files/[moment pay reestr]_W1.KZ_2023-09-15.xlsx
15.09.2023, 11:17:46 - /////////// Start execution registry for recipient - Северe3 ///////////
15.09.2023, 11:17:46 - Processing registry with ID: 42
15.09.2023, 11:17:46 - -----------INFO------------
15.09.2023, 11:17:46 - Registry Id: 29
15.09.2023, 11:17:46 - Sender Id: 42
15.09.2023, 11:17:46 - Sender Name: Северe3
15.09.2023, 11:17:46 - Registry Name: moment pay reestr
15.09.2023, 11:17:46 - Server id: 10066
15.09.2023, 11:17:46 - Services ids: 3361,4554
15.09.2023, 11:17:46 - Formats: xlsx,csv
15.09.2023, 11:17:46 - Emails: nikita.kopyltsov3@gmail.com, qerf3@mail.ru
15.09.2023, 11:17:46 - Current Date: 2023-09-15 11:17:46
15.09.2023, 11:17:46 - ---------PROCESSING---------
15.09.2023, 11:17:46 - Processing registry file with ID: 29
15.09.2023, 11:17:46 - Get data from service 3361 in format xlsx
15.09.2023, 11:17:49 - Successfully processed registry file for service 3361 in format xlsx.

15.09.2023, 11:17:49 - Processing registry file with ID: 29
15.09.2023, 11:17:49 - Get data from service 3361 in format csv
15.09.2023, 11:17:52 - Successfully processed registry file for service 3361 in format csv.

15.09.2023, 11:17:52 - Processing registry file with ID: 29
15.09.2023, 11:17:52 - Get data from service 4554 in format xlsx
15.09.2023, 11:17:52 - Successfully processed registry file for service 4554 in format xlsx.

15.09.2023, 11:17:52 - Processing registry file with ID: 29
15.09.2023, 11:17:52 - Get data from service 4554 in format csv
15.09.2023, 11:17:52 - Successfully processed registry file for service 4554 in format csv.

15.09.2023, 11:17:52 - ---------SENDING---------
15.09.2023, 11:17:54 - Registry Северe3 with ID 42 successfully sent to the specified addresses.
15.09.2023, 11:17:54 - Emails: nikita.kopyltsov3@gmail.com, qerf3@mail.ru
15.09.2023, 11:17:54 - Files: files/[moment pay reestr]_W1.KZ_2023-09-15.xlsx,files/[moment pay reestr]_W1.KZ_2023-09-15.csv,files/[moment pay reestr]_Госэкспертиза-Проектно-сметная документация_2023-09-15.xlsx,files/[moment pay reestr]_Госэкспертиза-Проектно-сметная документация_2023-09-15.csv
15.09.2023, 11:17:54 - --------- FINISHED -------- 

15.09.2023, 11:17:54 - /////////// Start execution registry for recipient - Moment Pay ///////////
15.09.2023, 11:17:54 - Processing registry with ID: 33
15.09.2023, 11:17:54 - -----------INFO------------
15.09.2023, 11:17:54 - Sender Id: 33
15.09.2023, 11:17:54 - Registry Id: 29
15.09.2023, 11:17:54 - Sender Name: Moment Pay
15.09.2023, 11:17:54 - Registry Name: moment pay reestr
15.09.2023, 11:17:54 - Server id: 10066
15.09.2023, 11:17:54 - Services ids: 3361,4554
15.09.2023, 11:17:54 - Formats: xlsx,csv
15.09.2023, 11:17:54 - Emails: nikita.kopyltsov3@gmail.com, nikita.kopyltsov@mail.ru
15.09.2023, 11:17:54 - Current Date: 2023-09-15 11:17:54
15.09.2023, 11:17:54 - ---------PROCESSING---------
15.09.2023, 11:17:54 - Processing registry file with ID: 29
15.09.2023, 11:17:54 - Get data from service 3361 in format xlsx
15.09.2023, 11:17:57 - Successfully processed registry file for service 3361 in format xlsx.

15.09.2023, 11:17:57 - Processing registry file with ID: 29
15.09.2023, 11:17:57 - Get data from service 3361 in format csv
15.09.2023, 11:17:59 - Successfully processed registry file for service 3361 in format csv.

15.09.2023, 11:17:59 - Processing registry file with ID: 29
15.09.2023, 11:17:59 - Get data from service 4554 in format xlsx
15.09.2023, 11:17:59 - Successfully processed registry file for service 4554 in format xlsx.

15.09.2023, 11:17:59 - Processing registry file with ID: 29
15.09.2023, 11:17:59 - Get data from service 4554 in format csv
15.09.2023, 11:18:00 - Successfully processed registry file for service 4554 in format csv.

15.09.2023, 11:18:00 - ---------SENDING---------
15.09.2023, 11:18:00 - Emails: nikita.kopyltsov3@gmail.com, nikita.kopyltsov@mail.ru
15.09.2023, 11:18:00 - Registry Moment Pay with ID 33 successfully sent to the specified addresses.
15.09.2023, 11:18:00 - Files: files/[moment pay reestr]_W1.KZ_2023-09-15.xlsx,files/[moment pay reestr]_W1.KZ_2023-09-15.csv,files/[moment pay reestr]_Госэкспертиза-Проектно-сметная документация_2023-09-15.xlsx,files/[moment pay reestr]_Госэкспертиза-Проектно-сметная документация_2023-09-15.csv
15.09.2023, 11:18:00 - --------- FINISHED -------- 

15.09.2023, 11:18:00 - Backup of registry files created successfully. 

15.09.2023, 11:18:00 - ============ Script completed ============ 

15.09.2023, 11:22:14 - ============ Script started ============ 

15.09.2023, 11:22:14 - Remove old records from folder - Files
15.09.2023, 11:22:14 - Record delete: /home/user/Рабочий стол/New Admin/update-service/files/[moment pay reestr]_W1.KZ_2023-09-15.csv
15.09.2023, 11:22:14 - Record delete: /home/user/Рабочий стол/New Admin/update-service/files/[moment pay reestr]_Госэкспертиза-Проектно-сметная документация_2023-09-15.csv
15.09.2023, 11:22:14 - Record delete: /home/user/Рабочий стол/New Admin/update-service/files/[moment pay reestr]_Госэкспертиза-Проектно-сметная документация_2023-09-15.xlsx
15.09.2023, 11:22:14 - Record delete: /home/user/Рабочий стол/New Admin/update-service/files/[moment pay reestr]_W1.KZ_2023-09-15.xlsx
15.09.2023, 11:22:14 - All old files been successful removed 

15.09.2023, 11:22:15 - /////////// Start execution registry for recipient - Северe3 ///////////
15.09.2023, 11:22:15 - Processing registry with ID: 42
15.09.2023, 11:22:15 - -----------INFO------------
15.09.2023, 11:22:15 - Sender Id: 42
15.09.2023, 11:22:15 - Registry Id: 29
15.09.2023, 11:22:15 - Sender Name: Северe3
15.09.2023, 11:22:15 - Registry Name: moment pay reestr
15.09.2023, 11:22:15 - Server id: 10066
15.09.2023, 11:22:15 - Services ids: 3361,4554
15.09.2023, 11:22:15 - Formats: xlsx,csv
15.09.2023, 11:22:15 - Emails: nikita.kopyltsov3@gmail.com, qerf3@mail.ru
15.09.2023, 11:22:15 - Current Date: 2023-09-15 11:22:15
15.09.2023, 11:22:15 - ---------PROCESSING---------
15.09.2023, 11:22:15 - Processing registry file with ID: 29
15.09.2023, 11:22:15 - Get data from service 3361 in format xlsx
15.09.2023, 11:22:18 - Successfully processed registry file for service 3361 in format xlsx.

15.09.2023, 11:22:18 - Processing registry file with ID: 29
15.09.2023, 11:22:18 - Get data from service 3361 in format csv
15.09.2023, 11:22:18 - Successfully processed registry file for service 3361 in format csv.

15.09.2023, 11:22:18 - Processing registry file with ID: 29
15.09.2023, 11:22:18 - Get data from service 4554 in format xlsx
15.09.2023, 11:22:18 - Successfully processed registry file for service 4554 in format xlsx.

15.09.2023, 11:22:18 - Processing registry file with ID: 29
15.09.2023, 11:22:18 - Get data from service 4554 in format csv
15.09.2023, 11:22:19 - Successfully processed registry file for service 4554 in format csv.

15.09.2023, 11:22:19 - ---------SENDING---------
15.09.2023, 11:22:20 - Emails: nikita.kopyltsov3@gmail.com, qerf3@mail.ru
15.09.2023, 11:22:20 - Registry Северe3 with ID 42 successfully sent to the specified addresses.
15.09.2023, 11:22:20 - --------- FINISHED -------- 

15.09.2023, 11:22:20 - Files: files/[moment pay reestr]_W1.KZ_2023-09-15.xlsx,files/[moment pay reestr]_W1.KZ_2023-09-15.csv,files/[moment pay reestr]_Госэкспертиза-Проектно-сметная документация_2023-09-15.xlsx,files/[moment pay reestr]_Госэкспертиза-Проектно-сметная документация_2023-09-15.csv
15.09.2023, 11:22:20 - /////////// Start execution registry for recipient - Moment Pay ///////////
15.09.2023, 11:22:20 - Processing registry with ID: 33
15.09.2023, 11:22:20 - -----------INFO------------
15.09.2023, 11:22:20 - Sender Id: 33
15.09.2023, 11:22:20 - Registry Id: 29
15.09.2023, 11:22:20 - Sender Name: Moment Pay
15.09.2023, 11:22:20 - Registry Name: moment pay reestr
15.09.2023, 11:22:20 - Server id: 10066
15.09.2023, 11:22:20 - Services ids: 3361,4554
15.09.2023, 11:22:20 - Formats: xlsx,csv
15.09.2023, 11:22:20 - Emails: nikita.kopyltsov3@gmail.com, nikita.kopyltsov@mail.ru
15.09.2023, 11:22:20 - Current Date: 2023-09-15 11:22:20
15.09.2023, 11:22:20 - ---------PROCESSING---------
15.09.2023, 11:22:20 - Processing registry file with ID: 29
15.09.2023, 11:22:20 - Get data from service 3361 in format xlsx
15.09.2023, 11:22:23 - Successfully processed registry file for service 3361 in format xlsx.

15.09.2023, 11:22:23 - Processing registry file with ID: 29
15.09.2023, 11:22:23 - Get data from service 3361 in format csv
15.09.2023, 11:22:24 - Successfully processed registry file for service 3361 in format csv.

15.09.2023, 11:22:24 - Processing registry file with ID: 29
15.09.2023, 11:22:24 - Get data from service 4554 in format xlsx
15.09.2023, 11:22:24 - Successfully processed registry file for service 4554 in format xlsx.

15.09.2023, 11:22:24 - Processing registry file with ID: 29
15.09.2023, 11:22:24 - Get data from service 4554 in format csv
15.09.2023, 11:22:24 - Successfully processed registry file for service 4554 in format csv.

15.09.2023, 11:22:24 - ---------SENDING---------
15.09.2023, 11:22:25 - Registry Moment Pay with ID 33 successfully sent to the specified addresses.
15.09.2023, 11:22:25 - Emails: nikita.kopyltsov3@gmail.com, nikita.kopyltsov@mail.ru
15.09.2023, 11:22:25 - Files: files/[moment pay reestr]_W1.KZ_2023-09-15.xlsx,files/[moment pay reestr]_W1.KZ_2023-09-15.csv,files/[moment pay reestr]_Госэкспертиза-Проектно-сметная документация_2023-09-15.xlsx,files/[moment pay reestr]_Госэкспертиза-Проектно-сметная документация_2023-09-15.csv
15.09.2023, 11:22:25 - --------- FINISHED -------- 

15.09.2023, 11:22:25 - Backup of registry files created successfully. 

15.09.2023, 11:22:25 - ============ Script completed ============ 

15.09.2023, 11:23:04 - Remove old records from folder - Files
15.09.2023, 11:23:04 - ============ Script started ============ 

15.09.2023, 11:23:04 - Record delete: /home/user/Рабочий стол/New Admin/update-service/files/[moment pay reestr]_W1.KZ_2023-09-15.csv
15.09.2023, 11:23:04 - Record delete: /home/user/Рабочий стол/New Admin/update-service/files/[moment pay reestr]_W1.KZ_2023-09-15.xlsx
15.09.2023, 11:23:04 - Record delete: /home/user/Рабочий стол/New Admin/update-service/files/[moment pay reestr]_Госэкспертиза-Проектно-сметная документация_2023-09-15.csv
15.09.2023, 11:23:04 - Record delete: /home/user/Рабочий стол/New Admin/update-service/files/[moment pay reestr]_Госэкспертиза-Проектно-сметная документация_2023-09-15.xlsx
15.09.2023, 11:23:04 - All old files been successful removed 

15.09.2023, 11:23:04 - /////////// Start execution registry for recipient - Северe3 ///////////
15.09.2023, 11:23:04 - Processing registry with ID: 42
15.09.2023, 11:23:04 - -----------INFO------------
15.09.2023, 11:23:04 - Sender Id: 42
15.09.2023, 11:23:04 - Registry Id: 29
15.09.2023, 11:23:04 - Sender Name: Северe3
15.09.2023, 11:23:04 - Registry Name: moment pay reestr
15.09.2023, 11:23:04 - Server id: 10066
15.09.2023, 11:23:04 - Services ids: 3361,4554
15.09.2023, 11:23:04 - Formats: xlsx,csv
15.09.2023, 11:23:04 - Emails: nikita.kopyltsov3@gmail.com, qerf3@mail.ru
15.09.2023, 11:23:04 - Current Date: 2023-09-15 11:23:04
15.09.2023, 11:23:04 - ---------PROCESSING---------
15.09.2023, 11:23:04 - Processing registry file with ID: 29
15.09.2023, 11:23:04 - Get data from service 3361 in format xlsx
15.09.2023, 11:23:05 - Successfully processed registry file for service 3361 in format xlsx.

15.09.2023, 11:23:05 - Processing registry file with ID: 29
15.09.2023, 11:23:05 - Get data from service 3361 in format csv
15.09.2023, 11:23:06 - Successfully processed registry file for service 3361 in format csv.

15.09.2023, 11:23:06 - Processing registry file with ID: 29
15.09.2023, 11:23:06 - Get data from service 4554 in format xlsx
15.09.2023, 11:23:06 - Successfully processed registry file for service 4554 in format xlsx.

15.09.2023, 11:23:06 - Processing registry file with ID: 29
15.09.2023, 11:23:06 - Get data from service 4554 in format csv
15.09.2023, 11:23:06 - Successfully processed registry file for service 4554 in format csv.

15.09.2023, 11:23:06 - ---------SENDING---------
15.09.2023, 11:23:07 - Registry Северe3 with ID 42 successfully sent to the specified addresses.
15.09.2023, 11:23:07 - Emails: nikita.kopyltsov3@gmail.com, qerf3@mail.ru
15.09.2023, 11:23:07 - Files: files/[moment pay reestr]_W1.KZ_2023-09-15.xlsx,files/[moment pay reestr]_W1.KZ_2023-09-15.csv,files/[moment pay reestr]_Госэкспертиза-Проектно-сметная документация_2023-09-15.xlsx,files/[moment pay reestr]_Госэкспертиза-Проектно-сметная документация_2023-09-15.csv
15.09.2023, 11:23:07 - --------- FINISHED -------- 

15.09.2023, 11:23:07 - /////////// Start execution registry for recipient - Moment Pay ///////////
15.09.2023, 11:23:07 - Processing registry with ID: 33
15.09.2023, 11:23:07 - -----------INFO------------
15.09.2023, 11:23:07 - Sender Id: 33
15.09.2023, 11:23:07 - Registry Id: 29
15.09.2023, 11:23:07 - Sender Name: Moment Pay
15.09.2023, 11:23:07 - Registry Name: moment pay reestr
15.09.2023, 11:23:07 - Server id: 10066
15.09.2023, 11:23:07 - Services ids: 3361,4554
15.09.2023, 11:23:07 - Formats: xlsx,csv
15.09.2023, 11:23:07 - Emails: nikita.kopyltsov3@gmail.com, nikita.kopyltsov@mail.ru
15.09.2023, 11:23:07 - Current Date: 2023-09-15 11:23:07
15.09.2023, 11:23:07 - ---------PROCESSING---------
15.09.2023, 11:23:07 - Processing registry file with ID: 29
15.09.2023, 11:23:07 - Get data from service 3361 in format xlsx
15.09.2023, 11:23:08 - Successfully processed registry file for service 3361 in format xlsx.

15.09.2023, 11:23:08 - Processing registry file with ID: 29
15.09.2023, 11:23:08 - Get data from service 3361 in format csv
15.09.2023, 11:23:09 - Successfully processed registry file for service 3361 in format csv.

15.09.2023, 11:23:09 - Processing registry file with ID: 29
15.09.2023, 11:23:09 - Get data from service 4554 in format xlsx
15.09.2023, 11:23:09 - Successfully processed registry file for service 4554 in format xlsx.

15.09.2023, 11:23:09 - Processing registry file with ID: 29
15.09.2023, 11:23:09 - Get data from service 4554 in format csv
15.09.2023, 11:23:09 - Successfully processed registry file for service 4554 in format csv.

15.09.2023, 11:23:09 - ---------SENDING---------
15.09.2023, 11:23:09 - Registry Moment Pay with ID 33 successfully sent to the specified addresses.
15.09.2023, 11:23:09 - Emails: nikita.kopyltsov3@gmail.com, nikita.kopyltsov@mail.ru
15.09.2023, 11:23:09 - Files: files/[moment pay reestr]_W1.KZ_2023-09-15.xlsx,files/[moment pay reestr]_W1.KZ_2023-09-15.csv,files/[moment pay reestr]_Госэкспертиза-Проектно-сметная документация_2023-09-15.xlsx,files/[moment pay reestr]_Госэкспертиза-Проектно-сметная документация_2023-09-15.csv
15.09.2023, 11:23:09 - --------- FINISHED -------- 

15.09.2023, 11:23:10 - Backup of registry files created successfully. 

15.09.2023, 11:23:10 - ============ Script completed ============ 

15.09.2023, 15:36:27 - ============ Script started ============ 

15.09.2023, 15:36:27 - Record delete: /home/user/Рабочий стол/New Admin/update-service/files/[moment pay reestr]_Госэкспертиза-Проектно-сметная документация_2023-09-15.csv
15.09.2023, 15:36:27 - Record delete: /home/user/Рабочий стол/New Admin/update-service/files/moment_pay_reestr_Госэкспертиза-Проектно-сметная_документация_2023-09-15.xlsx
15.09.2023, 15:36:27 - All old files have been successfully deleted 

15.09.2023, 15:36:27 - Remove old records from folder - Files
15.09.2023, 15:36:27 - Record delete: /home/user/Рабочий стол/New Admin/update-service/files/[moment pay reestr]_W1.KZ_2023-09-15.csv
15.09.2023, 15:36:27 - Record delete: /home/user/Рабочий стол/New Admin/update-service/files/[moment pay reestr]_W1.KZ_2023-09-15.xlsx
15.09.2023, 15:36:27 - /////////// Start execution registry for recipient - Северe3 ///////////
15.09.2023, 15:36:27 - Processing registry with ID: 42
15.09.2023, 15:36:27 - -----------INFO------------
15.09.2023, 15:36:27 - Sender Id: 42
15.09.2023, 15:36:27 - Registry Id: 29
15.09.2023, 15:36:27 - Sender Name: Северe3
15.09.2023, 15:36:27 - Registry Name: moment pay reestr
15.09.2023, 15:36:27 - Server id: 10066
15.09.2023, 15:36:27 - Services ids: 3361,4554
15.09.2023, 15:36:27 - Formats: xlsx,csv
15.09.2023, 15:36:27 - Emails: nikita.kopyltsov3@gmail.com, qerf3@mail.ru
15.09.2023, 15:36:27 - Current Date: 2023-09-15 15:36:27
15.09.2023, 15:36:27 - ---------PROCESSING---------
15.09.2023, 15:36:27 - Processing registry file with ID: 29
15.09.2023, 15:36:27 - Get data from service 3361 in format xlsx
15.09.2023, 15:36:28 - Successfully processed registry file for service 3361 in format xlsx.

15.09.2023, 15:36:28 - Processing registry file with ID: 29
15.09.2023, 15:36:28 - Get data from service 3361 in format csv
15.09.2023, 15:36:29 - Successfully processed registry file for service 3361 in format csv.

15.09.2023, 15:36:29 - Processing registry file with ID: 29
15.09.2023, 15:36:29 - Get data from service 4554 in format xlsx
15.09.2023, 15:36:29 - Successfully processed registry file for service 4554 in format xlsx.

15.09.2023, 15:36:29 - Processing registry file with ID: 29
15.09.2023, 15:36:29 - Get data from service 4554 in format csv
15.09.2023, 15:36:29 - Successfully processed registry file for service 4554 in format csv.

15.09.2023, 15:36:29 - ---------SENDING---------
15.09.2023, 15:36:31 - Registry Северe3 with ID 42 successfully sent to the specified addresses.
15.09.2023, 15:36:31 - Emails: nikita.kopyltsov3@gmail.com, qerf3@mail.ru
15.09.2023, 15:36:31 - Files: files/[moment pay reestr]_W1.KZ_2023-09-15.xlsx,files/[moment pay reestr]_W1.KZ_2023-09-15.csv,files/[moment pay reestr]_Госэкспертиза-Проектно-сметная документация_2023-09-15.xlsx,files/[moment pay reestr]_Госэкспертиза-Проектно-сметная документация_2023-09-15.csv
15.09.2023, 15:36:31 - --------- FINISHED -------- 

15.09.2023, 15:36:31 - /////////// Start execution registry for recipient - Moment Pay ///////////
15.09.2023, 15:36:31 - Processing registry with ID: 33
15.09.2023, 15:36:31 - -----------INFO------------
15.09.2023, 15:36:31 - Sender Id: 33
15.09.2023, 15:36:31 - Registry Id: 29
15.09.2023, 15:36:31 - Sender Name: Moment Pay
15.09.2023, 15:36:31 - Registry Name: moment pay reestr
15.09.2023, 15:36:31 - Server id: 10066
15.09.2023, 15:36:31 - Services ids: 3361,4554
15.09.2023, 15:36:31 - Formats: xlsx,csv
15.09.2023, 15:36:31 - Emails: nikita.kopyltsov3@gmail.com, nikita.kopyltsov@mail.ru
15.09.2023, 15:36:31 - Current Date: 2023-09-15 15:36:31
15.09.2023, 15:36:31 - ---------PROCESSING---------
15.09.2023, 15:36:31 - Processing registry file with ID: 29
15.09.2023, 15:36:31 - Get data from service 3361 in format xlsx
15.09.2023, 15:36:32 - Successfully processed registry file for service 3361 in format xlsx.

15.09.2023, 15:36:32 - Processing registry file with ID: 29
15.09.2023, 15:36:32 - Get data from service 3361 in format csv
15.09.2023, 15:36:32 - Successfully processed registry file for service 3361 in format csv.

15.09.2023, 15:36:32 - Processing registry file with ID: 29
15.09.2023, 15:36:32 - Get data from service 4554 in format xlsx
15.09.2023, 15:36:33 - Successfully processed registry file for service 4554 in format xlsx.

15.09.2023, 15:36:33 - Processing registry file with ID: 29
15.09.2023, 15:36:33 - Get data from service 4554 in format csv
15.09.2023, 15:36:33 - Successfully processed registry file for service 4554 in format csv.

15.09.2023, 15:36:33 - ---------SENDING---------
15.09.2023, 15:36:34 - Registry Moment Pay with ID 33 successfully sent to the specified addresses.
15.09.2023, 15:36:34 - Emails: nikita.kopyltsov3@gmail.com, nikita.kopyltsov@mail.ru
15.09.2023, 15:36:34 - Files: files/[moment pay reestr]_W1.KZ_2023-09-15.xlsx,files/[moment pay reestr]_W1.KZ_2023-09-15.csv,files/[moment pay reestr]_Госэкспертиза-Проектно-сметная документация_2023-09-15.xlsx,files/[moment pay reestr]_Госэкспертиза-Проектно-сметная документация_2023-09-15.csv
15.09.2023, 15:36:34 - --------- FINISHED -------- 

15.09.2023, 15:36:34 - Backup of registry files created successfully. 

15.09.2023, 15:36:34 - ============ Script completed ============ 

15.09.2023, 16:07:50 - ============ Script started ============ 

15.09.2023, 16:07:50 - Remove old records from folder - Files
15.09.2023, 16:07:50 - Record delete: /home/user/Рабочий стол/New Admin/update-service/files/[moment pay reestr]_Госэкспертиза-Проектно-сметная документация_2023-09-15.csv
15.09.2023, 16:07:50 - Record delete: /home/user/Рабочий стол/New Admin/update-service/files/[moment pay reestr]_Госэкспертиза-Проектно-сметная документация_2023-09-15.xlsx
15.09.2023, 16:07:50 - All old files have been successfully deleted 

15.09.2023, 16:07:50 - Record delete: /home/user/Рабочий стол/New Admin/update-service/files/[moment pay reestr]_W1.KZ_2023-09-15.csv
15.09.2023, 16:07:50 - Record delete: /home/user/Рабочий стол/New Admin/update-service/files/[moment pay reestr]_W1.KZ_2023-09-15.xlsx
15.09.2023, 16:07:50 - /////////// Start execution registry for recipient - Северe3 ///////////
15.09.2023, 16:07:50 - Sender Id: 42
15.09.2023, 16:07:50 - Registry Id: 29
15.09.2023, 16:07:50 - Sender Name: Северe3
15.09.2023, 16:07:50 - Registry Name: moment pay reestr
15.09.2023, 16:07:50 - Server id: 10066
15.09.2023, 16:07:50 - Services ids: 3361,4554
15.09.2023, 16:07:50 - Formats: xlsx,csv
15.09.2023, 16:07:50 - Emails: nikita.kopyltsov3@gmail.com, qerf3@mail.ru
15.09.2023, 16:07:50 - Processing registry with ID: 42
15.09.2023, 16:07:50 - -----------INFO------------
15.09.2023, 16:07:50 - Current Date: 2023-09-15 16:07:50
15.09.2023, 16:07:50 - ---------PROCESSING---------
15.09.2023, 16:07:50 - Processing registry file with ID: 29
15.09.2023, 16:07:50 - Get data from service 3361 in format xlsx
15.09.2023, 16:07:51 - Successfully processed registry file for service 3361 in format xlsx.

15.09.2023, 16:07:51 - Processing registry file with ID: 29
15.09.2023, 16:07:51 - Get data from service 3361 in format csv
15.09.2023, 16:07:52 - Successfully processed registry file for service 3361 in format csv.

15.09.2023, 16:07:52 - Processing registry file with ID: 29
15.09.2023, 16:07:52 - Get data from service 4554 in format xlsx
15.09.2023, 16:07:52 - Successfully processed registry file for service 4554 in format xlsx.

15.09.2023, 16:07:52 - Processing registry file with ID: 29
15.09.2023, 16:07:52 - Get data from service 4554 in format csv
15.09.2023, 16:07:53 - Successfully processed registry file for service 4554 in format csv.

15.09.2023, 16:07:53 - ---------SENDING---------
15.09.2023, 16:07:54 - Registry Северe3 with ID 42 successfully sent to the specified addresses.
15.09.2023, 16:07:54 - Emails: nikita.kopyltsov3@gmail.com, qerf3@mail.ru
15.09.2023, 16:07:54 - Files: files/[moment pay reestr]_W1.KZ_2023-09-15.xlsx,files/[moment pay reestr]_W1.KZ_2023-09-15.csv,files/[moment pay reestr]_Госэкспертиза-Проектно-сметная документация_2023-09-15.xlsx,files/[moment pay reestr]_Госэкспертиза-Проектно-сметная документация_2023-09-15.csv
15.09.2023, 16:07:54 - --------- FINISHED -------- 

15.09.2023, 16:07:54 - /////////// Start execution registry for recipient - Moment Pay ///////////
15.09.2023, 16:07:54 - Processing registry with ID: 33
15.09.2023, 16:07:54 - -----------INFO------------
15.09.2023, 16:07:54 - Sender Id: 33
15.09.2023, 16:07:54 - Registry Id: 29
15.09.2023, 16:07:54 - Sender Name: Moment Pay
15.09.2023, 16:07:54 - Registry Name: moment pay reestr
15.09.2023, 16:07:54 - Server id: 10066
15.09.2023, 16:07:54 - Services ids: 3361,4554
15.09.2023, 16:07:54 - Formats: xlsx,csv
15.09.2023, 16:07:54 - Emails: nikita.kopyltsov3@gmail.com, nikita.kopyltsov@mail.ru
15.09.2023, 16:07:54 - Current Date: 2023-09-15 16:07:54
15.09.2023, 16:07:54 - ---------PROCESSING---------
15.09.2023, 16:07:54 - Processing registry file with ID: 29
15.09.2023, 16:07:54 - Get data from service 3361 in format xlsx
15.09.2023, 16:07:55 - Successfully processed registry file for service 3361 in format xlsx.

15.09.2023, 16:07:55 - Processing registry file with ID: 29
15.09.2023, 16:07:55 - Get data from service 3361 in format csv
15.09.2023, 16:07:56 - Successfully processed registry file for service 3361 in format csv.

15.09.2023, 16:07:56 - Processing registry file with ID: 29
15.09.2023, 16:07:56 - Get data from service 4554 in format xlsx
15.09.2023, 16:07:56 - Successfully processed registry file for service 4554 in format xlsx.

15.09.2023, 16:07:56 - Processing registry file with ID: 29
15.09.2023, 16:07:56 - Get data from service 4554 in format csv
15.09.2023, 16:07:56 - Successfully processed registry file for service 4554 in format csv.

15.09.2023, 16:07:56 - ---------SENDING---------
15.09.2023, 16:07:57 - Registry Moment Pay with ID 33 successfully sent to the specified addresses.
15.09.2023, 16:07:57 - Emails: nikita.kopyltsov3@gmail.com, nikita.kopyltsov@mail.ru
15.09.2023, 16:07:57 - Files: files/[moment pay reestr]_W1.KZ_2023-09-15.xlsx,files/[moment pay reestr]_W1.KZ_2023-09-15.csv,files/[moment pay reestr]_Госэкспертиза-Проектно-сметная документация_2023-09-15.xlsx,files/[moment pay reestr]_Госэкспертиза-Проектно-сметная документация_2023-09-15.csv
15.09.2023, 16:07:57 - --------- FINISHED -------- 

15.09.2023, 16:07:57 - Backup of registry files created successfully. 

15.09.2023, 16:07:57 - ============ Script completed ============ 

